1628267631021	geckodriver	INFO	Listening on 127.0.0.1:61195
1628267634072	mozrunner::runner	INFO	Running command: "C:\\Program Files\\Mozilla Firefox\\firefox.exe" "--marionette" "-foreground" "-no-remote" "-profile" "C:\\Users\\Lautaro\\AppData\\Local\\Temp\\rust_mozprofilevMDelc"
1628267634746	Marionette	INFO	Marionette enabled
JavaScript error: resource://gre/modules/XULStore.jsm, line 66: Error: Can't find profile directory.
console.warn: SearchSettings: "get: No settings file exists, new profile?" (new NotFoundError("Could not open the file at C:\\Users\\Lautaro\\AppData\\Local\\Temp\\rust_mozprofilevMDelc\\search.json.mozlz4", (void 0)))
1628267638399	Marionette	INFO	Listening on port 61204
1628267638919	Marionette	WARN	TLS certificate errors will be ignored for this session
JavaScript warning: https://web.whatsapp.com/bootstrap_qr.f61502d6311fd24214d7.js, line 19: unreachable code after return statement
JavaScript warning: https://web.whatsapp.com/bootstrap_qr.f61502d6311fd24214d7.js, line 19: unreachable code after return statement

###!!! [Parent][RunMessage] Error: Channel closing: too late to send/recv, messages will be lost

1628267657397	Marionette	INFO	Stopped listening on port 61204
1628267707603	geckodriver	INFO	Listening on 127.0.0.1:61264
1628267710649	mozrunner::runner	INFO	Running command: "C:\\Program Files\\Mozilla Firefox\\firefox.exe" "--marionette" "-foreground" "-no-remote" "-profile" "C:\\Users\\Lautaro\\AppData\\Local\\Temp\\rust_mozprofile3Kt2u2"
1628267711275	Marionette	INFO	Marionette enabled
JavaScript error: resource://gre/modules/XULStore.jsm, line 66: Error: Can't find profile directory.
console.warn: SearchSettings: "get: No settings file exists, new profile?" (new NotFoundError("Could not open the file at C:\\Users\\Lautaro\\AppData\\Local\\Temp\\rust_mozprofile3Kt2u2\\search.json.mozlz4", (void 0)))
1628267714591	Marionette	INFO	Listening on port 61272
1628267714896	Marionette	WARN	TLS certificate errors will be ignored for this session
JavaScript warning: https://web.whatsapp.com/bootstrap_qr.f61502d6311fd24214d7.js, line 19: unreachable code after return statement
JavaScript warning: https://web.whatsapp.com/bootstrap_qr.f61502d6311fd24214d7.js, line 19: unreachable code after return statement

###!!! [Child][MessageChannel] Error: (msgtype=0x23002E,name=PBrowser::Msg___delete__) Channel closing: too late to send/recv, messages will be lost


###!!! [Parent][MessageChannel] Error: (msgtype=0x390079,name=PContent::Msg_DestroyBrowsingContextGroup) Closed channel: cannot send/recv

JavaScript error: resource://gre/modules/Sqlite.jsm, line 1030: Error: Sqlite.jsm has been shutdown. Cannot open connection to: C:\Users\Lautaro\AppData\Local\Temp\rust_mozprofile3Kt2u2\protections.sqlite
1628267838729	Marionette	INFO	Stopped listening on port 61272
1628267839888	geckodriver	INFO	Listening on 127.0.0.1:61442
1628267842919	mozrunner::runner	INFO	Running command: "C:\\Program Files\\Mozilla Firefox\\firefox.exe" "--marionette" "-foreground" "-no-remote" "-profile" "C:\\Users\\Lautaro\\AppData\\Local\\Temp\\rust_mozprofileNqBEs9"
1628267843484	Marionette	INFO	Marionette enabled
JavaScript error: resource://gre/modules/XULStore.jsm, line 66: Error: Can't find profile directory.
console.warn: SearchSettings: "get: No settings file exists, new profile?" (new NotFoundError("Could not open the file at C:\\Users\\Lautaro\\AppData\\Local\\Temp\\rust_mozprofileNqBEs9\\search.json.mozlz4", (void 0)))

###!!! [Child][MessageChannel] Error: (msgtype=0x39009A,name=PContent::Msg_InitBackground) Channel closing: too late to send/recv, messages will be lost

1628267846873	Marionette	INFO	Listening on port 61450
1628267847152	Marionette	WARN	TLS certificate errors will be ignored for this session
JavaScript warning: https://web.whatsapp.com/bootstrap_qr.f61502d6311fd24214d7.js, line 19: unreachable code after return statement
JavaScript warning: https://web.whatsapp.com/bootstrap_qr.f61502d6311fd24214d7.js, line 19: unreachable code after return statement
console.error: services.settings: 
  main/doh-providers Signature failed  InvalidSignatureError: Invalid content signature (main/doh-providers)
console.error: services.settings: 
  main/doh-providers local data was corrupted
console.warn: services.settings: main/doh-providers Signature verified failed. Retry from scratch
console.error: services.settings: 
  main/doh-config Signature failed  InvalidSignatureError: Invalid content signature (main/doh-config)
console.error: services.settings: 
  main/doh-config local data was corrupted
console.warn: services.settings: main/doh-config Signature verified failed. Retry from scratch
console.log: WebExtensions: reset-default-search: starting.
console.log: WebExtensions: reset-default-search: No addons in our list are installed.
[Child 17020, MediaDecoderStateMachine #2] WARNING: 27e4f441ac0 Could not set cubeb stream name.: file /builds/worker/checkouts/gecko/dom/media/AudioStream.cpp:367
[Child 17020, MediaDecoderStateMachine #2] WARNING: 27e4f441ac0 Could not set cubeb stream name.: file /builds/worker/checkouts/gecko/dom/media/AudioStream.cpp:367
[Child 17020, MediaDecoderStateMachine #2] WARNING: 27fd9538580 Could not set cubeb stream name.: file /builds/worker/checkouts/gecko/dom/media/AudioStream.cpp:367
console.error: (new TypeError("container.node.targetFront is null", "resource://devtools/client/inspector/markup/markup.js", 2309))
console.error: "Error while calling actor 'pagestyle's method 'getApplied'" "node is null"
console.error: (new TypeError("node is null", "resource://devtools/server/actors/page-style.js", 570))
console.error: "Error while calling actor 'pagestyle's method 'getApplied'" "node is null"
console.error: (new TypeError("node is null", "resource://devtools/server/actors/page-style.js", 570))
console.error: "Error while calling actor 'pagestyle's method 'getApplied'" "node is null"
console.error: (new TypeError("node is null", "resource://devtools/server/actors/page-style.js", 570))
console.error: "Error while calling actor 'pagestyle's method 'getApplied'" "node is null"
console.error: (new TypeError("node is null", "resource://devtools/server/actors/page-style.js", 570))
console.error: "Error while calling actor 'pagestyle's method 'getApplied'" "node is null"
console.error: (new TypeError("node is null", "resource://devtools/server/actors/page-style.js", 570))
console.error: "Error while calling actor 'pagestyle's method 'getApplied'" "node is null"
console.error: (new TypeError("node is null", "resource://devtools/server/actors/page-style.js", 570))
console.error: "Error while calling actor 'pagestyle's method 'getApplied'" "node is null"
console.error: (new TypeError("node is null", "resource://devtools/server/actors/page-style.js", 570))
console.error: "Error while calling actor 'pagestyle's method 'getApplied'" "node is null"
console.error: (new TypeError("node is null", "resource://devtools/server/actors/page-style.js", 570))
console.error: "Error while calling actor 'pagestyle's method 'getApplied'" "node is null"
console.error: (new TypeError("node is null", "resource://devtools/server/actors/page-style.js", 570))
console.error: "Error while calling actor 'pagestyle's method 'getApplied'" "node is null"
console.error: (new TypeError("node is null", "resource://devtools/server/actors/page-style.js", 570))
console.error: "Error while calling actor 'pagestyle's method 'getApplied'" "node is null"
console.error: (new TypeError("node is null", "resource://devtools/server/actors/page-style.js", 570))
console.error: "Error while calling actor 'pagestyle's method 'getApplied'" "node is null"
console.error: (new TypeError("node is null", "resource://devtools/server/actors/page-style.js", 570))
console.error: "Error while calling actor 'pagestyle's method 'getApplied'" "node is null"
console.error: (new TypeError("node is null", "resource://devtools/server/actors/page-style.js", 570))
console.error: "Error while calling actor 'pagestyle's method 'getApplied'" "node is null"
console.error: (new TypeError("node is null", "resource://devtools/server/actors/page-style.js", 570))
console.error: "Error while calling actor 'pagestyle's method 'getApplied'" "node is null"
console.error: (new TypeError("node is null", "resource://devtools/server/actors/page-style.js", 570))
console.error: "Error while calling actor 'pagestyle's method 'getApplied'" "node is null"
console.error: (new TypeError("node is null", "resource://devtools/server/actors/page-style.js", 570))
console.error: "Error while calling actor 'pagestyle's method 'getApplied'" "node is null"
console.error: (new TypeError("node is null", "resource://devtools/server/actors/page-style.js", 570))
console.error: "Error while calling actor 'pagestyle's method 'getApplied'" "node is null"
console.error: (new TypeError("node is null", "resource://devtools/server/actors/page-style.js", 570))
console.error: (new Error("Protocol error (TypeError): node is null from: server0.conn0.child4/pagestyle24 (resource://devtools/server/actors/page-style.js:570:5)", "resource://devtools/shared/protocol/Front.js", 365))
console.error: (new Error("Protocol error (TypeError): node is null from: server0.conn0.child4/pagestyle24 (resource://devtools/server/actors/page-style.js:570:5)", "resource://devtools/shared/protocol/Front.js", 365))
console.error: (new Error("Protocol error (TypeError): node is null from: server0.conn0.child4/pagestyle24 (resource://devtools/server/actors/page-style.js:570:5)", "resource://devtools/shared/protocol/Front.js", 365))
console.error: (new Error("Protocol error (TypeError): node is null from: server0.conn0.child4/pagestyle24 (resource://devtools/server/actors/page-style.js:570:5)", "resource://devtools/shared/protocol/Front.js", 365))
console.error: (new Error("Protocol error (TypeError): node is null from: server0.conn0.child4/pagestyle24 (resource://devtools/server/actors/page-style.js:570:5)", "resource://devtools/shared/protocol/Front.js", 365))
console.error: (new Error("Protocol error (TypeError): node is null from: server0.conn0.child4/pagestyle24 (resource://devtools/server/actors/page-style.js:570:5)", "resource://devtools/shared/protocol/Front.js", 365))
console.error: (new Error("Protocol error (TypeError): node is null from: server0.conn0.child4/pagestyle24 (resource://devtools/server/actors/page-style.js:570:5)", "resource://devtools/shared/protocol/Front.js", 365))
console.error: (new Error("Protocol error (TypeError): node is null from: server0.conn0.child4/pagestyle24 (resource://devtools/server/actors/page-style.js:570:5)", "resource://devtools/shared/protocol/Front.js", 365))
console.error: (new Error("Protocol error (TypeError): node is null from: server0.conn0.child4/pagestyle24 (resource://devtools/server/actors/page-style.js:570:5)", "resource://devtools/shared/protocol/Front.js", 365))
console.error: (new Error("Protocol error (TypeError): node is null from: server0.conn0.child4/pagestyle24 (resource://devtools/server/actors/page-style.js:570:5)", "resource://devtools/shared/protocol/Front.js", 365))
console.error: (new Error("Protocol error (TypeError): node is null from: server0.conn0.child4/pagestyle24 (resource://devtools/server/actors/page-style.js:570:5)", "resource://devtools/shared/protocol/Front.js", 365))
console.error: (new Error("Protocol error (TypeError): node is null from: server0.conn0.child4/pagestyle24 (resource://devtools/server/actors/page-style.js:570:5)", "resource://devtools/shared/protocol/Front.js", 365))
console.error: (new Error("Protocol error (TypeError): node is null from: server0.conn0.child4/pagestyle24 (resource://devtools/server/actors/page-style.js:570:5)", "resource://devtools/shared/protocol/Front.js", 365))
console.error: (new Error("Protocol error (TypeError): node is null from: server0.conn0.child4/pagestyle24 (resource://devtools/server/actors/page-style.js:570:5)", "resource://devtools/shared/protocol/Front.js", 365))
console.error: (new Error("Protocol error (TypeError): node is null from: server0.conn0.child4/pagestyle24 (resource://devtools/server/actors/page-style.js:570:5)", "resource://devtools/shared/protocol/Front.js", 365))
console.error: (new Error("Protocol error (TypeError): node is null from: server0.conn0.child4/pagestyle24 (resource://devtools/server/actors/page-style.js:570:5)", "resource://devtools/shared/protocol/Front.js", 365))
console.error: (new Error("Protocol error (TypeError): node is null from: server0.conn0.child4/pagestyle24 (resource://devtools/server/actors/page-style.js:570:5)", "resource://devtools/shared/protocol/Front.js", 365))
console.error: (new Error("Protocol error (TypeError): node is null from: server0.conn0.child4/pagestyle24 (resource://devtools/server/actors/page-style.js:570:5)", "resource://devtools/shared/protocol/Front.js", 365))
console.error: (new TypeError("parent is null", "resource://devtools/client/inspector/shared/style-change-tracker.js", 67))
TypeError: parent is null: canMutationImpactCurrentStyles@resource://devtools/client/inspector/shared/style-change-tracker.js:67:24
onMutations@resource://devtools/client/inspector/shared/style-change-tracker.js:84:41
_emit@resource://devtools/shared/event-emitter.js:226:34
emit@resource://devtools/shared/event-emitter.js:172:18
emit@resource://devtools/shared/event-emitter.js:324:18
getMutations@resource://devtools/client/fronts/walker.js:311:10

console.error: "Error while calling actor 'pagestyle's method 'getLayout'" "node is null"
console.error: (new TypeError("container.node.targetFront is null", "resource://devtools/client/inspector/markup/markup.js", 2309))
console.error: (new TypeError("container.node.targetFront is null", "resource://devtools/client/inspector/markup/markup.js", 2309))
console.error: (new TypeError("node is null", "resource://devtools/server/actors/page-style.js", 1001))
console.error: (new Error("Protocol error (TypeError): node is null from: server0.conn0.child4/pagestyle24 (resource://devtools/server/actors/page-style.js:1001:5)", "resource://devtools/shared/protocol/Front.js", 365))
[Child 17020, MediaDecoderStateMachine #3] WARNING: 27fdac7a4a0 Could not set cubeb stream name.: file /builds/worker/checkouts/gecko/dom/media/AudioStream.cpp:367
[Child 17020, MediaDecoderStateMachine #3] WARNING: 27fdac7a4a0 Could not set cubeb stream name.: file /builds/worker/checkouts/gecko/dom/media/AudioStream.cpp:367
[Child 17020, MediaDecoderStateMachine #4] WARNING: 27e4fee72e0 Could not set cubeb stream name.: file /builds/worker/checkouts/gecko/dom/media/AudioStream.cpp:367
[Child 17020, MediaDecoderStateMachine #4] WARNING: 27e4fee72e0 Could not set cubeb stream name.: file /builds/worker/checkouts/gecko/dom/media/AudioStream.cpp:367
Handler function threw an exception: TypeError: this._eventCollector is null
Stack: destroy@resource://devtools/server/actors/inspector/node.js:152:5
destroy@resource://devtools/shared/protocol/Pool.js:199:17
destroy@resource://devtools/shared/protocol/Actor.js:76:11
destroy@resource://devtools/server/actors/page-style.js:133:38
destroy@resource://devtools/shared/protocol/Pool.js:199:17
destroy@resource://devtools/shared/protocol/Actor.js:76:11
destroy@resource://devtools/server/actors/inspector/inspector.js:113:38
destroy@resource://devtools/shared/protocol/Pool.js:199:17
_detach@resource://devtools/server/actors/targets/browsing-context.js:1032:35
destroy@resource://devtools/server/actors/targets/browsing-context.js:603:10
onTransportClosed/<@resource://devtools/server/devtools-server-connection.js:493:34
onTransportClosed@resource://devtools/server/devtools-server-connection.js:493:19
close@resource://devtools/shared/transport/child-transport.js:63:18
close@resource://devtools/server/devtools-server-connection.js:94:23
onDisconnect<@resource://devtools/server/startup/frame.js:121:12
exports.makeInfallible/<@resource://devtools/shared/ThreadSafeDevToolsUtils.js:103:22
Line: 152, column: 5
console.error: (new TypeError("this._eventCollector is null", "resource://devtools/server/actors/inspector/node.js", 152))

###!!! [Child][RunMessage] Error: Channel closing: too late to send/recv, messages will be lost

1628269135333	Marionette	INFO	Stopped listening on port 61450
1628269140246	geckodriver	INFO	Listening on 127.0.0.1:51575
1628269143312	mozrunner::runner	INFO	Running command: "C:\\Program Files\\Mozilla Firefox\\firefox.exe" "--marionette" "-foreground" "-no-remote" "-profile" "C:\\Users\\Lautaro\\AppData\\Local\\Temp\\rust_mozprofileeW4Gtw"
1628269143884	Marionette	INFO	Marionette enabled
JavaScript error: resource://gre/modules/XULStore.jsm, line 66: Error: Can't find profile directory.
console.warn: SearchSettings: "get: No settings file exists, new profile?" (new NotFoundError("Could not open the file at C:\\Users\\Lautaro\\AppData\\Local\\Temp\\rust_mozprofileeW4Gtw\\search.json.mozlz4", (void 0)))
1628269147223	Marionette	INFO	Listening on port 51583
1628269147543	Marionette	WARN	TLS certificate errors will be ignored for this session
JavaScript warning: https://web.whatsapp.com/bootstrap_qr.f61502d6311fd24214d7.js, line 19: unreachable code after return statement
JavaScript warning: https://web.whatsapp.com/bootstrap_qr.f61502d6311fd24214d7.js, line 19: unreachable code after return statement

###!!! [Parent][MessageChannel] Error: (msgtype=0x390079,name=PContent::Msg_DestroyBrowsingContextGroup) Closed channel: cannot send/recv

JavaScript error: resource://gre/modules/Sqlite.jsm, line 1030: Error: Sqlite.jsm has been shutdown. Cannot open connection to: C:\Users\Lautaro\AppData\Local\Temp\rust_mozprofileeW4Gtw\protections.sqlite

###!!! [Child][MessageChannel] Error: (msgtype=0x390144,name=PContent::Msg_ScriptError) Channel closing: too late to send/recv, messages will be lost


###!!! [Child][MessageChannel] Error: (msgtype=0xA90006,name=PWebSocket::Msg_DeleteSelf) Channel closing: too late to send/recv, messages will be lost

1628269305585	Marionette	INFO	Stopped listening on port 51583
1628269305820	geckodriver	INFO	Listening on 127.0.0.1:62741
1628269308873	mozrunner::runner	INFO	Running command: "C:\\Program Files\\Mozilla Firefox\\firefox.exe" "--marionette" "-foreground" "-no-remote" "-profile" "C:\\Users\\Lautaro\\AppData\\Local\\Temp\\rust_mozprofile6VxItY"
1628269309400	Marionette	INFO	Marionette enabled
JavaScript error: resource://gre/modules/XULStore.jsm, line 66: Error: Can't find profile directory.
console.warn: SearchSettings: "get: No settings file exists, new profile?" (new NotFoundError("Could not open the file at C:\\Users\\Lautaro\\AppData\\Local\\Temp\\rust_mozprofile6VxItY\\search.json.mozlz4", (void 0)))
1628269312602	Marionette	INFO	Listening on port 62749

###!!! [Child][MessageChannel] Error: (msgtype=0x39009A,name=PContent::Msg_InitBackground) Channel closing: too late to send/recv, messages will be lost


###!!! [Child][MessageChannel] Error: (msgtype=0x39009A,name=PContent::Msg_InitBackground) Channel closing: too late to send/recv, messages will be lost

1628269313116	Marionette	WARN	TLS certificate errors will be ignored for this session
JavaScript warning: https://web.whatsapp.com/bootstrap_qr.f61502d6311fd24214d7.js, line 19: unreachable code after return statement
JavaScript warning: https://web.whatsapp.com/bootstrap_qr.f61502d6311fd24214d7.js, line 19: unreachable code after return statement

###!!! [Child][RunMessage] Error: Channel closing: too late to send/recv, messages will be lost

JavaScript error: resource://gre/modules/Sqlite.jsm, line 1030: Error: Sqlite.jsm has been shutdown. Cannot open connection to: C:\Users\Lautaro\AppData\Local\Temp\rust_mozprofile6VxItY\protections.sqlite
1628269418518	Marionette	INFO	Stopped listening on port 62749
1628269420848	geckodriver	INFO	Listening on 127.0.0.1:62882
1628269423884	mozrunner::runner	INFO	Running command: "C:\\Program Files\\Mozilla Firefox\\firefox.exe" "--marionette" "-foreground" "-no-remote" "-profile" "C:\\Users\\Lautaro\\AppData\\Local\\Temp\\rust_mozprofilenntbDF"
1628269424426	Marionette	INFO	Marionette enabled
JavaScript error: resource://gre/modules/XULStore.jsm, line 66: Error: Can't find profile directory.
console.warn: SearchSettings: "get: No settings file exists, new profile?" (new NotFoundError("Could not open the file at C:\\Users\\Lautaro\\AppData\\Local\\Temp\\rust_mozprofilenntbDF\\search.json.mozlz4", (void 0)))
1628269427856	Marionette	INFO	Listening on port 62890
1628269428130	Marionette	WARN	TLS certificate errors will be ignored for this session
JavaScript warning: https://web.whatsapp.com/bootstrap_qr.f61502d6311fd24214d7.js, line 19: unreachable code after return statement
JavaScript warning: https://web.whatsapp.com/bootstrap_qr.f61502d6311fd24214d7.js, line 19: unreachable code after return statement
[Child 8516, IPC I/O Child] WARNING: pipe error: 232: file /builds/worker/checkouts/gecko/ipc/chromium/src/chrome/common/ipc_channel_win.cc:544
1628269534427	Marionette	INFO	Stopped listening on port 62890
1628269535026	geckodriver	INFO	Listening on 127.0.0.1:59073
1628269538065	mozrunner::runner	INFO	Running command: "C:\\Program Files\\Mozilla Firefox\\firefox.exe" "--marionette" "-foreground" "-no-remote" "-profile" "C:\\Users\\Lautaro\\AppData\\Local\\Temp\\rust_mozprofileUBA79O"
1628269538681	Marionette	INFO	Marionette enabled
JavaScript error: resource://gre/modules/XULStore.jsm, line 66: Error: Can't find profile directory.
console.warn: SearchSettings: "get: No settings file exists, new profile?" (new NotFoundError("Could not open the file at C:\\Users\\Lautaro\\AppData\\Local\\Temp\\rust_mozprofileUBA79O\\search.json.mozlz4", (void 0)))
1628269542054	Marionette	INFO	Listening on port 59081
1628269542330	Marionette	WARN	TLS certificate errors will be ignored for this session
JavaScript warning: https://web.whatsapp.com/bootstrap_qr.f61502d6311fd24214d7.js, line 19: unreachable code after return statement
JavaScript warning: https://web.whatsapp.com/bootstrap_qr.f61502d6311fd24214d7.js, line 19: unreachable code after return statement
JavaScript error: resource://gre/actors/AutoCompleteChild.jsm, line 125: Error: Invalid autocomplete selectedIndex

###!!! [Parent][RunMessage] Error: Channel closing: too late to send/recv, messages will be lost

1628269713453	Marionette	INFO	Stopped listening on port 59081
1628269714084	geckodriver	INFO	Listening on 127.0.0.1:59207
1628269717137	mozrunner::runner	INFO	Running command: "C:\\Program Files\\Mozilla Firefox\\firefox.exe" "--marionette" "-foreground" "-no-remote" "-profile" "C:\\Users\\Lautaro\\AppData\\Local\\Temp\\rust_mozprofilexD85Rx"
1628269717704	Marionette	INFO	Marionette enabled
JavaScript error: resource://gre/modules/XULStore.jsm, line 66: Error: Can't find profile directory.
console.warn: SearchSettings: "get: No settings file exists, new profile?" (new NotFoundError("Could not open the file at C:\\Users\\Lautaro\\AppData\\Local\\Temp\\rust_mozprofilexD85Rx\\search.json.mozlz4", (void 0)))
1628269721056	Marionette	INFO	Listening on port 59215
1628269721357	Marionette	WARN	TLS certificate errors will be ignored for this session
JavaScript warning: https://web.whatsapp.com/bootstrap_qr.f61502d6311fd24214d7.js, line 19: unreachable code after return statement
JavaScript warning: https://web.whatsapp.com/bootstrap_qr.f61502d6311fd24214d7.js, line 19: unreachable code after return statement
JavaScript error: , line 0: NetworkError: FetchEvent.respondWith() Promise rejected
JavaScript error: , line 0: NetworkError: FetchEvent.respondWith() Promise rejected
JavaScript error: , line 0: NetworkError: FetchEvent.respondWith() Promise rejected
JavaScript error: , line 0: NetworkError: FetchEvent.respondWith() Promise rejected
JavaScript error: , line 0: NetworkError: FetchEvent.respondWith() Promise rejected
JavaScript error: , line 0: NetworkError: FetchEvent.respondWith() Promise rejected
JavaScript error: , line 0: NetworkError: FetchEvent.respondWith() Promise rejected
JavaScript error: , line 0: NetworkError: FetchEvent.respondWith() Promise rejected
JavaScript error: , line 0: NetworkError: FetchEvent.respondWith() Promise rejected
JavaScript error: , line 0: NetworkError: FetchEvent.respondWith() Promise rejected
JavaScript error: , line 0: NetworkError: FetchEvent.respondWith() Promise rejected
JavaScript error: , line 0: NetworkError: FetchEvent.respondWith() Promise rejected
JavaScript error: , line 0: NetworkError: FetchEvent.respondWith() Promise rejected
JavaScript error: , line 0: NetworkError: FetchEvent.respondWith() Promise rejected
JavaScript error: , line 0: NetworkError: FetchEvent.respondWith() Promise rejected
JavaScript error: , line 0: NetworkError: FetchEvent.respondWith() Promise rejected

###!!! [Child][MessageChannel] Error: (msgtype=0x23002E,name=PBrowser::Msg___delete__) Channel closing: too late to send/recv, messages will be lost


###!!! [Parent][MessageChannel] Error: (msgtype=0x390079,name=PContent::Msg_DestroyBrowsingContextGroup) Closed channel: cannot send/recv

JavaScript error: resource://gre/modules/Sqlite.jsm, line 1030: Error: Sqlite.jsm has been shutdown. Cannot open connection to: C:\Users\Lautaro\AppData\Local\Temp\rust_mozprofilexD85Rx\protections.sqlite

###!!! [Child][MessageChannel] Error: (msgtype=0x390144,name=PContent::Msg_ScriptError) Channel closing: too late to send/recv, messages will be lost


###!!! [Child][MessageChannel] Error: (msgtype=0xA90006,name=PWebSocket::Msg_DeleteSelf) Channel closing: too late to send/recv, messagesJavaScript warning: https://web.whatsapp.com/bootstrap_qr.f61502d6311fd24214d7.js, line 19: unreachable code after return statement
JavaScript warning: https://web.whatsapp.com/bootstrap_qr.f61502d6311fd24214d7.js, line 19: unreachable code after return statement
JavaScript error: , line 0: NetworkError: FetchEvent.respondWith() Promise rejected
JavaScript error: , line 0: NetworkError: FetchEvent.respondWith() Promise rejected
JavaScript error: , line 0: NetworkError: FetchEvent.respondWith() Promise rejected
JavaScript error: , line 0: NetworkError: FetchEvent.respondWith() Promise rejected
console.error: services.settings: 
  main/doh-providers Signature failed  InvalidSignatureError: Invalid content signature (main/doh-providers)
console.error: services.settings: 
  main/doh-providers local data was corrupted
console.warn: services.settings: main/doh-providers Signature verified failed. Retry from scratch
console.error: services.settings: 
  main/doh-config Signature failed  InvalidSignatureError: Invalid content signature (main/doh-config)
console.error: services.settings: 
  main/doh-config local data was corrupted
console.warn: services.settings: main/doh-config Signature verified failed. Retry from scratch
console.log: WebExtensions: reset-default-search: starting.
console.log: WebExtensions: reset-default-search: No addons in our list are installed.
[Child 8652, MediaDecoderStateMachine #7] WARNING: 122a7f2e040 Could not set cubeb stream name.: file /builds/worker/checkouts/gecko/dom/media/AudioStream.cpp:367
[Child 8652, MediaDecoderStateMachine #7] WARNING: 122a7f2e040 Could not set cubeb stream name.: file /builds/worker/checkouts/gecko/dom/media/AudioStream.cpp:367
[Child 8652, MediaDecoderStateMachine #8] WARNING: 122a7f6cc80 Could not set cubeb stream name.: file /builds/worker/checkouts/gecko/dom/media/AudioStream.cpp:367
[Child 8652, MediaDecoderStateMachine #11] WARNING: 1211db04ac0 Could not set cubeb stream name.: file /builds/worker/checkouts/gecko/dom/media/AudioStream.cpp:367
[Child 8652, MediaDecoderStateMachine #12] WARNING: 121244e82e0 Could not set cubeb stream name.: file /builds/worker/checkouts/gecko/dom/media/AudioStream.cpp:367
[Child 8652, MediaDecoderStateMachine #14] WARNING: 122a8a2d3c0 Could not set cubeb stream name.: file /builds/worker/checkouts/gecko/dom/media/AudioStream.cpp:367
[Child 8652, MediaDecoderStateMachine #14] WARNING: 12124b0b740 Could not set cubeb stream name.: file /builds/worker/checkouts/gecko/dom/media/AudioStream.cpp:367
[Child 8652, MediaDecoderStateMachine #16] WARNING: 122a7f522e0 Could not set cubeb stream name.: file /builds/worker/checkouts/gecko/dom/media/AudioStream.cpp:367
[Child 8652, MediaDecoderStateMachine #16] WARNING: 122a7f522e0 Could not set cubeb stream name.: file /builds/worker/checkouts/gecko/dom/media/AudioStream.cpp:367
[Child 8652, MediaDecoderStateMachine #16] WARNING: 12124b0b740 Could not set cubeb stream name.: file /builds/worker/checkouts/gecko/dom/media/AudioStream.cpp:367
[Child 8652, MediaDecoderStateMachine #18] WARNING: 122a8a2d740 Could not set cubeb stream name.: file /builds/worker/checkouts/gecko/dom/media/AudioStream.cpp:367
1628281631854	Marionette	INFO	Stopped listening on port 61778

###!!! [Child][RunMessage] Error: Channel closing: too late to send/recv, messages will be lost

1628281637282	geckodriver	INFO	Listening on 127.0.0.1:57647
1628281640335	mozrunner::runner	INFO	Running command: "C:\\Program Files\\Mozilla Firefox\\firefox.exe" "--marionette" "-foreground" "-no-remote" "-profile" "C:\\Users\\Lautaro\\AppData\\Local\\Temp\\rust_mozprofileBaNVdf"
1628281640909	Marionette	INFO	Marionette enabled
JavaScript error: resource://gre/modules/XULStore.jsm, line 66: Error: Can't find profile directory.
console.warn: SearchSettings: "get: No settings file exists, new profile?" (new NotFoundError("Could not open the file at C:\\Users\\Lautaro\\AppData\\Local\\Temp\\rust_mozprofileBaNVdf\\search.json.mozlz4", (void 0)))
1628281644449	Marionette	INFO	Listening on port 57655
1628281644559	Marionette	WARN	TLS certificate errors will be ignored for this session
JavaScript warning: https://web.whatsapp.com/bootstrap_qr.f61502d6311fd24214d7.js, line 19: unreachable code after return statement
JavaScript warning: https://web.whatsapp.com/bootstrap_qr.f61502d6311fd24214d7.js, line 19: unreachable code after return statement
JavaScript error: , line 0: NetworkError: FetchEvent.respondWith() Promise rejected
JavaScript error: , line 0: NetworkError: FetchEvent.respondWith() Promise rejected
JavaScript error: , line 0: NetworkError: FetchEvent.respondWith() Promise rejected
JavaScript error: , line 0: NetworkError: FetchEvent.respondWith() Promise rejected
[Child 9228, MediaDecoderStateMachine #3] WARNING: 24dcadfce40 Could not set cubeb stream name.: file /builds/worker/checkouts/gecko/dom/media/AudioStream.cpp:367
[Child 9228, MediaDecoderStateMachine #3] WARNING: 24dcadfce40 Could not set cubeb stream name.: file /builds/worker/checkouts/gecko/dom/media/AudioStream.cpp:367
console.error: services.settings: 
  main/doh-providers Signature failed  InvalidSignatureError: Invalid content signature (main/doh-providers)
console.error: services.settings: 
  main/doh-providers local data was corrupted
console.warn: services.settings: main/doh-providers Signature verified failed. Retry from scratch
console.error: services.settings: 
  main/doh-config Signature failed  InvalidSignatureError: Invalid content signature (main/doh-config)
console.error: services.settings: 
  main/doh-config local data was corrupted
console.warn: services.settings: main/doh-config Signature verified failed. Retry from scratch
console.log: WebExtensions: reset-default-search: starting.
console.log: WebExtensions: reset-default-search: No addons in our list are installed.
JavaScript error: resource://gre/modules/Sqlite.jsm, line 1030: Error: Sqlite.jsm has been shutdown. Cannot open connection to: C:\Users\Lautaro\AppData\Local\Temp\rust_mozprofileBaNVdf\protections.sqlite
1628282162218	Marionette	INFO	Stopped listening on port 57655

###!!! [Child][RunMessage] Error: Channel closing: too late to send/recv, messages will be lost

1628283750645	geckodriver	INFO	Listening on 127.0.0.1:57564
1628283753678	mozrunner::runner	INFO	Running command: "C:\\Program Files\\Mozilla Firefox\\firefox.exe" "--marionette" "-foreground" "-no-remote" "-profile" "C:\\Users\\Lautaro\\AppData\\Local\\Temp\\rust_mozprofilefSIw6F"
1628283754279	Marionette	INFO	Marionette enabled
JavaScript error: resource://gre/modules/XULStore.jsm, line 66: Error: Can't find profile directory.
console.warn: SearchSettings: "get: No settings file exists, new profile?" (new NotFoundError("Could not open the file at C:\\Users\\Lautaro\\AppData\\Local\\Temp\\rust_mozprofilefSIw6F\\search.json.mozlz4", (void 0)))
1628283757492	Marionette	INFO	Listening on port 57572

###!!! [Child][MessageChannel] Error: (msgtype=0x39009A,name=PContent::Msg_InitBackground) Channel closing: too late to send/recv, messages will be lost


###!!! [Child][MessageChannel] Error: (msgtype=0x39009A,name=PContent::Msg_InitBackground) Channel closing: too late to send/recv, messages will be lost

1628283757896	Marionette	WARN	TLS certificate errors will be ignored for this session
console.error: Region.jsm: "Error fetching region" (new Error("TIMEOUT", "resource://gre/modules/Region.jsm", 772))
console.error: Region.jsm: "Failed to fetch region" (new Error("TIMEOUT", "resource://gre/modules/Region.jsm", 419))
JavaScript warning: https://web.whatsapp.com/bootstrap_qr.f61502d6311fd24214d7.js, line 19: unreachable code after return statement
JavaScript warning: https://web.whatsapp.com/bootstrap_qr.f61502d6311fd24214d7.js, line 19: unreachable code after return statement
console.error: services.settings: 
  main/doh-providers Signature failed  InvalidSignatureError: Invalid content signature (main/doh-providers)
console.error: services.settings: 
  main/doh-providers local data was corrupted
console.warn: services.settings: main/doh-providers Signature verified failed. Retry from scratch
console.error: services.settings: 
  main/doh-config Signature failed  InvalidSignatureError: Invalid content signature (main/doh-config)
console.error: services.settings: 
  main/doh-config local data was corrupted
console.warn: services.settings: main/doh-config Signature verified failed. Retry from scratch
[Child 13844, MediaDecoderStateMachine #2] WARNING: 1fa0c056120 Could not set cubeb stream name.: file /builds/worker/checkouts/gecko/dom/media/AudioStream.cpp:367
[Child 13844, MediaDecoderStateMachine #2] WARNING: 1fa0c056120 Could not set cubeb stream name.: file /builds/worker/checkouts/gecko/dom/media/AudioStream.cpp:367
[Child 13844, MediaDecoderStateMachine #2] WARNING: 1fa0c056120 Could not set cubeb stream name.: file /builds/worker/checkouts/gecko/dom/media/AudioStream.cpp:367
console.log: WebExtensions: reset-default-search: starting.
console.log: WebExtensions: reset-default-search: No addons in our list are installed.
JavaScript error: resource://gre/modules/Sqlite.jsm, line 1030: Error: Sqlite.jsm has been shutdown. Cannot open connection to: C:\Users\Lautaro\AppData\Local\Temp\rust_mozprofilefSIw6F\protections.sqlite

###!!! [Child][MessageChannel] Error: (msgtype=0xA90006,name=PWebSocket::Ms1628284709052	Marionette	INFO	Marionette enabled
JavaScript error: resource://gre/modules/XULStore.jsm, line 66: Error: Can't find profile directory.
console.warn: SearchSettings: "get: No settings file exists, new profile?" (new NotFoundError("Could not open the file at C:\\Users\\Lautaro\\AppData\\Local\\Temp\\rust_mozprofilec1vRRV\\search.json.mozlz4", (void 0)))
1628284712895	Marionette	INFO	Listening on port 55742
1628284713200	Marionette	WARN	TLS certificate errors will be ignored for this session
JavaScript warning: https://web.whatsapp.com/bootstrap_qr.f61502d6311fd24214d7.js, line 19: unreachable code after return statement
JavaScript warning: https://web.whatsapp.com/bootstrap_qr.f61502d6311fd24214d7.js, line 19: unreachable code after return statement

###!!! [Child][RunMessage] Error: Channel closing: too late to send/recv, messages will be lost

1628284845316	Marionette	INFO	Stopped listening on port 55742
1628285005308	geckodriver	INFO	Listening on 127.0.0.1:64307
1628285008361	mozrunner::runner	INFO	Running command: "C:\\Program Files\\Mozilla Firefox\\firefox.exe" "--marionette" "-foreground" "-no-remote" "-profile" "C:\\Users\\Lautaro\\AppData\\Local\\Temp\\rust_mozprofilewvKLbf"
1628285008913	Marionette	INFO	Marionette enabled
JavaScript error: resource://gre/modules/XULStore.jsm, line 66: Error: Can't find profile directory.
console.warn: SearchSettings: "get: No settings file exists, new profile?" (new NotFoundError("Could not open the file at C:\\Users\\Lautaro\\AppData\\Local\\Temp\\rust_mozprofilewvKLbf\\search.json.mozlz4", (void 0)))
console.error: Region.jsm: "Error fetching region" (new TypeError("NetworkError when attempting to fetch resource.", ""))
console.error: Region.jsm: "Failed to fetch region" (new Error("NO_RESULT", "resource://gre/modules/Region.jsm", 419))
console.error: (new Error("Connection closed before committing the transaction.", "resource://gre/modules/Sqlite.jsm", 687))
1628285034183	geckodriver	INFO	Listening on 127.0.0.1:64337
1628285037252	mozrunner::runner	INFO	Running command: "C:\\Program Files\\Mozilla Firefox\\firefox.exe" "--marionette" "-foreground" "-no-remote" "-profile" "C:\\Users\\Lautaro\\AppData\\Local\\Temp\\rust_mozprofilez2lnOk"
1628285037847	Marionette	INFO	Marionette enabled
JavaScript error: resource://gre/modules/XULStore.jsm, line 66: Error: Can't find profile directory.
console.warn: SearchSettings: "get: No settings file exists, new profile?" (new NotFoundError("Could not open the file at C:\\Users\\Lautaro\\AppData\\Local\\Temp\\rust_mozprofilez2lnOk\\search.json.mozlz4", (void 0)))

###!!! [Child][MessageChannel] Error: (msgtype=0x39009A,name=PContent::Msg_InitBackground) Channel closing: too late to send/recv, messages will be lost


###!!! [Child][MessageChannel] Error: (msgtype=0x39009A,name=PContent::Msg_InitBackground) Channel closing: too late to send/recv, messages will be lost

1628285041261	Marionette	INFO	Listening on port 64345
1628285041525	Marionette	WARN	TLS certificate errors will be ignored for this session
JavaScript warning: https://web.whatsapp.com/bootstrap_qr.f61502d6311fd24214d7.js, line 19: unreachable code after return statement
JavaScript warning: https://web.whatsapp.com/bootstrap_qr.f61502d6311fd24214d7.js, line 19: unreachable code after return statement

###!!! [Parent][MessageChannel] Error: (msgtype=0x670008,name=PMessagePort::Msg___delete__) Channel closing: too late to send/recv, messages will be lost


###!!! [Parent][RunMessage] Error: Channel closing: too late to send/recv, messages will be lost


###!!! [Parent][RunMessage] Error: Channel closing: too late to send/recv, messages will be lost

JavaScript error: resource://gre/modules/Sqlite.jsm, line 1030: Error: Sqlite.jsm has been shutdown. Cannot open connection to: C:\Users\Lautaro\AppData\Local\Temp\rust_mozprofilez2lnOk\protections.sqlite
1628285141523	Marionette	INFO	Stopped listening on port 64345
1628285264867	geckodriver	INFO	Listening on 127.0.0.1:59438
1628285267946	mozrunner::runner	INFO	Running command: "C:\\Program Files\\Mozilla Firefox\\firefox.exe" "--marionette" "-foreground" "-no-remote" "-profile" "C:\\Users\\Lautaro\\AppData\\Local\\Temp\\rust_mozprofileXntVt9"
1628285268568	Marionette	INFO	Marionette enabled
JavaScript error: resource://gre/modules/XULStore.jsm, line 66: Error: Can't find profile directory.
console.warn: SearchSettings: "get: No settings file exists, new profile?" (new NotFoundError("Could not open the file at C:\\Users\\Lautaro\\AppData\\Local\\Temp\\rust_mozprofileXntVt9\\search.json.mozlz4", (void 0)))
1628285271841	Marionette	INFO	Listening on port 59446
1628285272196	Marionette	WARN	TLS certificate errors will be ignored for this session
JavaScript warning: https://web.whatsapp.com/bootstrap_qr.f61502d6311fd24214d7.js, line 19: unreachable code after return statement
JavaScript warning: https://web.whatsapp.com/bootstrap_qr.f61502d6311fd24214d7.js, line 19: unreachable code after return statement
console.error: services.settings: 
  main/doh-providers Signature failed  InvalidSignatureError: Invalid content signature (main/doh-providers)
console.error: services.settings: 
  main/doh-providers local data was corrupted
console.warn: services.settings: main/doh-providers Signature verified failed. Retry from scratch
console.error: services.settings: 
  main/doh-config Signature failed  InvalidSignatureError: Invalid content signature (main/doh-config)
console.error: services.settings: 
  main/doh-config local data was corrupted
console.warn: services.settings: main/doh-config Signature verified failed. Retry from scratch
JavaScript error: , line 0: NetworkError: FetchEvent.respondWith() Promise rejected
JavaScript error: , line 0: NetworkError: FetchEvent.respondWith() Promise rejected
JavaScript error: , line 0: NetworkError: FetchEvent.respondWith() Promise rejected
JavaScript error: , line 0: NetworkError: FetchEvent.respondWith() Promise rejected
JavaScript error: , line 0: NetworkError: FetchEvent.respondWith() Promise rejected
JavaScript error: , line 0: NetworkError: FetchEvent.respondWith() Promise rejected
JavaScript error: , line 0: NetworkError: FetchEvent.respondWith() Promise rejected
console.error: "stylesheets: fetch failed for https://web.whatsapp.com/bootstrap_qr-097975c55a8af519e700.css, using system principal instead."
JavaScript error: , line 0: NetworkError: FetchEvent.respondWith() Promise rejected
console.error: "stylesheets: fetch failed for https://web.whatsapp.com/bootstrap_qr-097975c55a8af519e700.css, using system principal instead."
console.error: "Error while calling actor 'pagestyle's method 'getApplied'" "Failed to fetch https://web.whatsapp.com/bootstrap_qr-097975c55a8af519e700.css. Code 2152398878."
console.error: (new Error("Failed to fetch https://web.whatsapp.com/bootstrap_qr-097975c55a8af519e700.css. Code 2152398878.", "resource://devtools/shared/DevToolsUtils.js", 556))
console.error: "Error while calling actor 'pagestyle's method 'getApplied'" "Failed to fetch https://web.whatsapp.com/bootstrap_qr-097975c55a8af519e700.css. Code 2152398878."
console.error: (new Error("Failed to fetch https://web.whatsapp.com/bootstrap_qr-097975c55a8af519e700.css. Code 2152398878.", "resource://devtools/shared/DevToolsUtils.js", 556))
JavaScript error: , line 0: NetworkError: FetchEvent.respondWith() Promise rejected
console.error: (new Error("Protocol error (Error): Failed to fetch https://web.whatsapp.com/bootstrap_qr-097975c55a8af519e700.css. Code 2152398878. from: server0.conn0.child4/pagestyle24 (resource://devtools/shared/DevToolsUtils.js:556:16)", "resource://devtools/shared/protocol/Front.js", 365))
console.error: "stylesheets: fetch failed for https://web.whatsapp.com/bootstrap_qr-097975c55a8af519e700.css, using system principal instead."
console.error: "Error while calling actor 'pagestyle's method 'getApplied'" "Failed to fetch https://web.whatsapp.com/bootstrap_qr-097975c55a8af519e700.css. Code 2152398878."
console.error: (new Error("Failed to fetch https://web.whatsapp.com/bootstrap_qr-097975c55a8af519e700.css. Code 2152398878.", "resource://devtools/shared/DevToolsUtils.js", 556))
console.error: (new Error("Protocol error (Error): Failed to fetch https://web.whatsapp.com/bootstrap_qr-097975c55a8af519e700.css. Code 2152398878. from: server0.conn0.child4/pagestyle24 (resource://devtools/shared/DevToolsUtils.js:556:16)", "resource://devtools/shared/protocol/Front.js", 365))
console.error: (new Error("Protocol error (Error): Failed to fetch https://web.whatsapp.com/bootstrap_qr-097975c55a8af519e700.css. Code 2152398878. from: server0.conn0.child4/pagestyle24 (resource://devtools/shared/DevToolsUtils.js:556:16)", "resource://devtools/shared/protocol/Front.js", 365))
console.error: (new Error("Protocol error (Error): Failed to fetch https://web.whatsapp.com/bootstrap_qr-097975c55a8af519e700.css. Code 2152398878. from: server0.conn0.child4/pagestyle24 (resource://devtools/shared/DevToolsUtils.js:556:16)", "resource://devtools/shared/protocol/Front.js", 365))
JavaScript error: , line 0: NetworkError: FetchEvent.respondWith() Promise rejected
console.error: "stylesheets: fetch failed for https://web.whatsapp.com/bootstrap_qr-097975c55a8af519e700.css, using system principal instead."
JavaScript error: , line 0: NetworkError: FetchEvent.respondWith() Promise rejected
console.error: "Error while calling actor 'pagestyle's method 'getApplied'" "Failed to fetch https://web.whatsapp.com/bootstrap_qr-097975c55a8af519e700.css. Code 2152398878."
console.error: (new Error("Failed to fetch https://web.whatsapp.com/bootstrap_qr-097975c55a8af519e700.css. Code 2152398878.", "resource://devtools/shared/DevToolsUtils.js", 556))
console.error: "stylesheets: fetch failed for https://web.whatsapp.com/bootstrap_qr-097975c55a8af519e700.css, using system principal instead."
console.error: (new Error("Protocol error (Error): Failed to fetch https://web.whatsapp.com/bootstrap_qr-097975c55a8af519e700.css. Code 2152398878. from: server0.conn0.child4/pagestyle24 (resource://devtools/shared/DevToolsUtils.js:556:16)", "resource://devtools/shared/protocol/Front.js", 365))
console.error: "Error while calling actor 'pagestyle's method 'getApplied'" "Failed to fetch https://web.whatsapp.com/bootstrap_qr-097975c55a8af519e700.css. Code 2152398878."
console.error: (new Error("Failed to fetch https://web.whatsapp.com/bootstrap_qr-097975c55a8af519e700.css. Code 2152398878.", "resource://devtools/shared/DevToolsUtils.js", 556))
console.error: (new Error("Protocol error (Error): Failed to fetch https://web.whatsapp.com/bootstrap_qr-097975c55a8af519e700.css. Code 2152398878. from: server0.conn0.child4/pagestyle24 (resource://devtools/shared/DevToolsUtils.js:556:16)", "resource://devtools/shared/protocol/Front.js", 365))
JavaScript error: , line 0: NetworkError: FetchEvent.respondWith() Promise rejected
console.error: "stylesheets: fetch failed for https://web.whatsapp.com/bootstrap_qr-097975c55a8af519e700.css, using system principal instead."
console.error: "Error while calling actor 'pagestyle's method 'getApplied'" "Failed to fetch https://web.whatsapp.com/bootstrap_qr-097975c55a8af519e700.css. Code 2152398878."
console.error: (new Error("Failed to fetch https://web.whatsapp.com/bootstrap_qr-097975c55a8af519e700.css. Code 2152398878.", "resource://devtools/shared/DevToolsUtils.js", 556))
console.error: (new Error("Protocol error (Error): Failed to fetch https://web.whatsapp.com/bootstrap_qr-097975c55a8af519e700.css. Code 2152398878. from: server0.conn0.child4/pagestyle24 (resource://devtools/shared/DevToolsUtils.js:556:16)", "resource://devtools/shared/protocol/Front.js", 365))
JavaScript error: , line 0: NetworkError: FetchEvent.respondWith() Promise rejected
console.error: "stylesheets: fetch failed for https://web.whatsapp.com/bootstrap_qr-097975c55a8af519e700.css, using system principal instead."
JavaScript error: , line 0: NetworkError: FetchEvent.respondWith() Promise rejected
console.error: "stylesheets: fetch failed for https://web.whatsapp.com/bootstrap_qr-097975c55a8af519e700.css, using system principal instead."
console.error: "Error while calling actor 'pagestyle's method 'getApplied'" "Failed to fetch https://web.whatsapp.com/bootstrap_qr-097975c55a8af519e700.css. Code 2152398878."
console.error: (new Error("Failed to fetch https://web.whatsapp.com/bootstrap_qr-097975c55a8af519e700.css. Code 2152398878.", "resource://devtools/shared/DevToolsUtils.js", 556))
console.error: (new Error("Protocol error (Error): Failed to fetch https://web.whatsapp.com/bootstrap_qr-097975c55a8af519e700.css. Code 2152398878. from: server0.conn0.child4/pagestyle24 (resource://devtools/shared/DevToolsUtils.js:556:16)", "resource://devtools/shared/protocol/Front.js", 365))
console.error: (new Error("Protocol error (Error): Failed to fetch https://web.whatsapp.com/bootstrap_qr-097975c55a8af519e700.css. Code 2152398878. from: server0.conn0.child4/pagestyle24 (resource://devtools/shared/DevToolsUtils.js:556:16)", "resource://devtools/shared/protocol/Front.js", 365))
console.error: "Error while calling actor 'pagestyle's method 'getApplied'" "Failed to fetch https://web.whatsapp.com/bootstrap_qr-097975c55a8af519e700.css. Code 2152398878."
console.error: (new Error("Failed to fetch https://web.whatsapp.com/bootstrap_qr-097975c55a8af519e700.css. Code 2152398878.", "resource://devtools/shared/DevToolsUtils.js", 556))
console.error: (new Error("Protocol error (Error): Failed to fetch https://web.whatsapp.com/bootstrap_qr-097975c55a8af519e700.css. Code 2152398878. from: server0.conn0.child4/pagestyle24 (resource://devtools/shared/DevToolsUtils.js:556:16)", "resource://devtools/shared/protocol/Front.js", 365))
JavaScript error: , line 0: NetworkError: FetchEvent.respondWith() Promise rejected
console.error: "stylesheets: fetch failed for https://web.whatsapp.com/bootstrap_qr-097975c55a8af519e700.css, using system principal instead."
console.error: "Error while calling actor 'pagestyle's method 'getApplied'" "Failed to fetch https://web.whatsapp.com/bootstrap_qr-097975c55a8af519e700.css. Code 2152398878."
console.error: (new Error("Failed to fetch https://web.whatsapp.com/bootstrap_qr-097975c55a8af519e700.css. Code 2152398878.", "resource://devtools/shared/DevToolsUtils.js", 556))
console.error: (new Error("Protocol error (Error): Failed to fetch https://web.whatsapp.com/bootstrap_qr-097975c55a8af519e700.css. Code 2152398878. from: server0.conn0.child4/pagestyle24 (resource://devtools/shared/DevToolsUtils.js:556:16)", "resource://devtools/shared/protocol/Front.js", 365))
JavaScript error: , line 0: NetworkError: FetchEvent.respondWith() Promise rejected
console.error: "stylesheets: fetch failed for https://web.whatsapp.com/bootstrap_qr-097975c55a8af519e700.css, using system principal instead."
JavaScript error: , line 0: NetworkError: FetchEvent.respondWith() Promise rejected
console.error: "Error while calling actor 'pagestyle's method 'getApplied'" "Failed to fetch https://web.whatsapp.com/bootstrap_qr-097975c55a8af519e700.css. Code 2152398878."
console.error: (new Error("Failed to fetch https://web.whatsapp.com/bootstrap_qr-097975c55a8af519e700.css. Code 2152398878.", "resource://devtools/shared/DevToolsUtils.js", 556))
console.error: "stylesheets: fetch failed for https://web.whatsapp.com/bootstrap_qr-097975c55a8af519e700.css, using system principal instead."
console.error: (new Error("Protocol error (Error): Failed to fetch https://web.whatsapp.com/bootstrap_qr-097975c55a8af519e700.css. Code 2152398878. from: server0.conn0.child4/pagestyle24 (resource://devtools/shared/DevToolsUtils.js:556:16)", "resource://devtools/shared/protocol/Front.js", 365))
console.error: (new Error("Protocol error (Error): Failed to fetch https://web.whatsapp.com/bootstrap_qr-097975c55a8af519e700.css. Code 2152398878. from: server0.conn0.child4/pagestyle24 (resource://devtools/shared/DevToolsUtils.js:556:16)", "resource://devtools/shared/protocol/Front.js", 365))
console.error: (new Error("Protocol error (Error): Failed to fetch https://web.whatsapp.com/bootstrap_qr-097975c55a8af519e700.css. Code 2152398878. from: server0.conn0.child4/pagestyle24 (resource://devtools/shared/DevToolsUtils.js:556:16)", "resource://devtools/shared/protocol/Front.js", 365))
console.error: "Error while calling actor 'pagestyle's method 'getApplied'" "Failed to fetch https://web.whatsapp.com/bootstrap_qr-097975c55a8af519e700.css. Code 2152398878."
console.error: (new Error("Failed to fetch https://web.whatsapp.com/bootstrap_qr-097975c55a8af519e700.css. Code 2152398878.", "resource://devtools/shared/DevToolsUtils.js", 556))
console.error: (new Error("Protocol error (Error): Failed to fetch https://web.whatsapp.com/bootstrap_qr-097975c55a8af519e700.css. Code 2152398878. from: server0.conn0.child4/pagestyle24 (resource://devtools/shared/DevToolsUtils.js:556:16)", "resource://devtools/shared/protocol/Front.js", 365))
JavaScript error: , line 0: NetworkError: FetchEvent.respondWith() Promise rejected
console.error: "stylesheets: fetch failed for https://web.whatsapp.com/bootstrap_qr-097975c55a8af519e700.css, using system principal instead."
console.error: "Error while calling actor 'pagestyle's method 'getApplied'" "Failed to fetch https://web.whatsapp.com/bootstrap_qr-097975c55a8af519e700.css. Code 2152398878."
console.error: (new Error("Failed to fetch https://web.whatsapp.com/bootstrap_qr-097975c55a8af519e700.css. Code 2152398878.", "resource://devtools/shared/DevToolsUtils.js", 556))
JavaScript error: , line 0: NetworkError: FetchEvent.respondWith() Promise rejected
console.error: (new Error("Protocol error (Error): Failed to fetch https://web.whatsapp.com/bootstrap_qr-097975c55a8af519e700.css. Code 2152398878. from: server0.conn0.child4/pagestyle24 (resource://devtools/shared/DevToolsUtils.js:556:16)", "resource://devtools/shared/protocol/Front.js", 365))
console.error: (new Error("Protocol error (Error): Failed to fetch https://web.whatsapp.com/bootstrap_qr-097975c55a8af519e700.css. Code 2152398878. from: server0.conn0.child4/pagestyle24 (resource://devtools/shared/DevToolsUtils.js:556:16)", "resource://devtools/shared/protocol/Front.js", 365))
console.error: (new Error("Protocol error (Error): Failed to fetch https://web.whatsapp.com/bootstrap_qr-097975c55a8af519e700.css. Code 2152398878. from: server0.conn0.child4/pagestyle24 (resource://devtools/shared/DevToolsUtils.js:556:16)", "resource://devtools/shared/protocol/Front.js", 365))
console.error: "stylesheets: fetch failed for https://web.whatsapp.com/bootstrap_qr-097975c55a8af519e700.css, using system principal instead."
console.error: "Error while calling actor 'pagestyle's method 'getApplied'" "Failed to fetch https://web.whatsapp.com/bootstrap_qr-097975c55a8af519e700.css. Code 2152398878."
console.error: (new Error("Failed to fetch https://web.whatsapp.com/bootstrap_qr-097975c55a8af519e700.css. Code 2152398878.", "resource://devtools/shared/DevToolsUtils.js", 556))
console.error: (new Error("Protocol error (Error): Failed to fetch https://web.whatsapp.com/bootstrap_qr-097975c55a8af519e700.css. Code 2152398878. from: server0.conn0.child4/pagestyle24 (resource://devtools/shared/DevToolsUtils.js:556:16)", "resource://devtools/shared/protocol/Front.js", 365))
1628285778617	addons.xpi	ERROR	System addon update list error Error: Failed downloading XML, status: 0, reason: error
JavaScript error: , line 0: NetworkError: FetchEvent.respondWith() Promise rejected
console.error: "stylesheets: fetch failed for https://web.whatsapp.com/bootstrap_qr-097975c55a8af519e700.css, using system principal instead."
console.error: "Error while calling actor 'pagestyle's method 'getApplied'" "Failed to fetch https://web.whatsapp.com/bootstrap_qr-097975c55a8af519e700.css. Code 2152398878."
console.error: (new Error("Failed to fetch https://web.whatsapp.com/bootstrap_qr-097975c55a8af519e700.css. Code 2152398878.", "resource://devtools/shared/DevToolsUtils.js", 556))
JavaScript error: , line 0: NetworkError: FetchEvent.respondWith() Promise rejected
console.error: (new Error("Protocol error (Error): Failed to fetch https://web.whatsapp.com/bootstrap_qr-097975c55a8af519e700.css. Code 2152398878. from: server0.conn0.child4/pagestyle24 (resource://devtools/shared/DevToolsUtils.js:556:16)", "resource://devtools/shared/protocol/Front.js", 365))
console.error: (new Error("Protocol error (Error): Failed to fetch https://web.whatsapp.com/bootstrap_qr-097975c55a8af519e700.css. Code 2152398878. from: server0.conn0.child4/pagestyle24 (resource://devtools/shared/DevToolsUtils.js:556:16)", "resource://devtools/shared/protocol/Front.js", 365))
console.error: (new Error("Protocol error (Error): Failed to fetch https://web.whatsapp.com/bootstrap_qr-097975c55a8af519e700.css. Code 2152398878. from: server0.conn0.child4/pagestyle24 (resource://devtools/shared/DevToolsUtils.js:556:16)", "resource://devtools/shared/protocol/Front.js", 365))
console.error: "stylesheets: fetch failed for https://web.whatsapp.com/bootstrap_qr-097975c55a8af519e700.css, using system principal instead."
console.error: "Error while calling actor 'pagestyle's method 'getApplied'" "Failed to fetch https://web.whatsapp.com/bootstrap_qr-097975c55a8af519e700.css. Code 2152398878."
console.error: (new Error("Failed to fetch https://web.whatsapp.com/bootstrap_qr-097975c55a8af519e700.css. Code 2152398878.", "resource://devtools/shared/DevToolsUtils.js", 556))
console.error: (new Error("Protocol error (Error): Failed to fetch https://web.whatsapp.com/bootstrap_qr-097975c55a8af519e700.css. Code 2152398878. from: server0.conn0.child4/pagestyle24 (resource://devtools/shared/DevToolsUtils.js:556:16)", "resource://devtools/shared/protocol/Front.js", 365))
JavaScript error: , line 0: NetworkError: FetchEvent.respondWith() Promise rejected
console.error: "stylesheets: fetch failed for https://web.whatsapp.com/bootstrap_qr-097975c55a8af519e700.css, using system principal instead."
JavaScript error: , line 0: NetworkError: FetchEvent.respondWith() Promise rejected
console.error: "stylesheets: fetch failed for https://web.whatsapp.com/bootstrap_qr-097975c55a8af519e700.css, using system principal instead."
console.error: "Error while calling actor 'pagestyle's method 'getApplied'" "Failed to fetch https://web.whatsapp.com/bootstrap_qr-097975c55a8af519e700.css. Code 2152398878."
console.error: (new Error("Failed to fetch https://web.whatsapp.com/bootstrap_qr-097975c55a8af519e700.css. Code 2152398878.", "resource://devtools/shared/DevToolsUtils.js", 556))
console.error: "Error while calling actor 'pagestyle's method 'getApplied'" "Failed to fetch https://web.whatsapp.com/bootstrap_qr-097975c55a8af519e700.css. Code 2152398878."
console.error: (new Error("Protocol error (Error): Failed to fetch https://web.whatsapp.com/bootstrap_qr-097975c55a8af519e700.css. Code 2152398878. from: server0.conn0.child4/pagestyle24 (resource://devtools/shared/DevToolsUtils.js:556:16)", "resource://devtools/shared/protocol/Front.js", 365))
console.error: (new Error("Failed to fetch https://web.whatsapp.com/bootstrap_qr-097975c55a8af519e700.css. Code 2152398878.", "resource://devtools/shared/DevToolsUtils.js", 556))
console.error: (new Error("Protocol error (Error): Failed to fetch https://web.whatsapp.com/bootstrap_qr-097975c55a8af519e700.css. Code 2152398878. from: server0.conn0.child4/pagestyle24 (resource://devtools/shared/DevToolsUtils.js:556:16)", "resource://devtools/shared/protocol/Front.js", 365))
console.error: (new Error("Protocol error (Error): Failed to fetch https://web.whatsapp.com/bootstrap_qr-097975c55a8af519e700.css. Code 2152398878. from: server0.conn0.child4/pagestyle24 (resource://devtools/shared/DevToolsUtils.js:556:16)", "resource://devtools/shared/protocol/Front.js", 365))
console.error: (new Error("Protocol error (Error): Failed to fetch https://web.whatsapp.com/bootstrap_qr-097975c55a8af519e700.css. Code 2152398878. from: server0.conn0.child4/pagestyle24 (resource://devtools/shared/DevToolsUtils.js:556:16)", "resource://devtools/shared/protocol/Front.js", 365))
JavaScript error: , line 0: NetworkError: FetchEvent.respondWith() Promise rejected
console.error: "stylesheets: fetch failed for https://web.whatsapp.com/bootstrap_qr-097975c55a8af519e700.css, using system principal instead."
console.error: "Error while calling actor 'pagestyle's method 'getApplied'" "Failed to fetch https://web.whatsapp.com/bootstrap_qr-097975c55a8af519e700.css. Code 2152398878."
console.error: (new Error("Failed to fetch https://web.whatsapp.com/bootstrap_qr-097975c55a8af519e700.css. Code 2152398878.", "resource://devtools/shared/DevToolsUtils.js", 556))
console.error: (new Error("Protocol error (Error): Failed to fetch https://web.whatsapp.com/bootstrap_qr-097975c55a8af519e700.css. Code 2152398878. from: server0.conn0.child4/pagestyle24 (resource://devtools/shared/DevToolsUtils.js:556:16)", "resource://devtools/shared/protocol/Front.js", 365))
console.error: (new Error("Protocol error (Error): Failed to fetch https://web.whatsapp.com/bootstrap_qr-097975c55a8af519e700.css. Code 2152398878. from: server0.conn0.child4/pagestyle24 (resource://devtools/shared/DevToolsUtils.js:556:16)", "resource://devtools/shared/protocol/Front.js", 365))
JavaScript error: , line 0: NetworkError: FetchEvent.respondWith() Promise rejected
console.error: "stylesheets: fetch failed for https://web.whatsapp.com/bootstrap_qr-097975c55a8af519e700.css, using system principal instead."
console.error: "Error while calling actor 'pagestyle's method 'getApplied'" "Failed to fetch https://web.whatsapp.com/bootstrap_qr-097975c55a8af519e700.css. Code 2152398878."
console.error: (new Error("Failed to fetch https://web.whatsapp.com/bootstrap_qr-097975c55a8af519e700.css. Code 2152398878.", "resource://devtools/shared/DevToolsUtils.js", 556))
console.error: (new Error("Protocol error (Error): Failed to fetch https://web.whatsapp.com/bootstrap_qr-097975c55a8af519e700.css. Code 2152398878. from: server0.conn0.child4/pagestyle24 (resource://devtools/shared/DevToolsUtils.js:556:16)", "resource://devtools/shared/protocol/Front.js", 365))
JavaScript error: , line 0: NetworkError: FetchEvent.respondWith() Promise rejected
console.error: "stylesheets: fetch failed for https://web.whatsapp.com/bootstrap_qr-097975c55a8af519e700.css, using system principal instead."
console.error: "Error while calling actor 'pagestyle's method 'getApplied'" "Failed to fetch https://web.whatsapp.com/bootstrap_qr-097975c55a8af519e700.css. Code 2152398878."
console.error: (new Error("Failed to fetch https://web.whatsapp.com/bootstrap_qr-097975c55a8af519e700.css. Code 2152398878.", "resource://devtools/shared/DevToolsUtils.js", 556))
console.error: (new Error("Protocol error (Error): Failed to fetch https://web.whatsapp.com/bootstrap_qr-097975c55a8af519e700.css. Code 2152398878. from: server0.conn0.child4/pagestyle24 (resource://devtools/shared/DevToolsUtils.js:556:16)", "resource://devtools/shared/protocol/Front.js", 365))
console.error: (new Error("Protocol error (Error): Failed to fetch https://web.whatsapp.com/bootstrap_qr-097975c55a8af519e700.css. Code 2152398878. from: server0.conn0.child4/pagestyle24 (resource://devtools/shared/DevToolsUtils.js:556:16)", "resource://devtools/shared/protocol/Front.js", 365))
JavaScript error: , line 0: NetworkError: FetchEvent.respondWith() Promise rejected
console.error: "stylesheets: fetch failed for https://web.whatsapp.com/bootstrap_qr-097975c55a8af519e700.css, using system principal instead."
console.error: "Error while calling actor 'pagestyle's method 'getApplied'" "Failed to fetch https://web.whatsapp.com/bootstrap_qr-097975c55a8af519e700.css. Code 2152398878."
console.error: (new Error("Failed to fetch https://web.whatsapp.com/bootstrap_qr-097975c55a8af519e700.css. Code 2152398878.", "resource://devtools/shared/DevToolsUtils.js", 556))
console.error: (new Error("Protocol error (Error): Failed to fetch https://web.whatsapp.com/bootstrap_qr-097975c55a8af519e700.css. Code 2152398878. from: server0.conn0.child4/pagestyle24 (resource://devtools/shared/DevToolsUtils.js:556:16)", "resource://devtools/shared/protocol/Front.js", 365))
console.error: (new Error("Protocol error (Error): Failed to fetch https://web.whatsapp.com/bootstrap_qr-097975c55a8af519e700.css. Code 2152398878. from: server0.conn0.child4/pagestyle24 (resource://devtools/shared/DevToolsUtils.js:556:16)", "resource://devtools/shared/protocol/Front.js", 365))
console.error: (new TypeError("parent is null", "resource://devtools/client/inspector/shared/style-change-tracker.js", 67))
TypeError: parent is null: canMutationImpactCurrentStyles@resource://devtools/client/inspector/shared/style-change-tracker.js:67:24
onMutations@resource://devtools/client/inspector/shared/style-change-tracker.js:84:41
_emit@resource://devtools/shared/event-emitter.js:226:34
emit@resource://devtools/shared/event-emitter.js:172:18
emit@resource://devtools/shared/event-emitter.js:324:18
getMutations@resource://devtools/client/fronts/walker.js:311:10

console.error: (new TypeError("container.node.targetFront is null", "resource://devtools/client/inspector/markup/markup.js", 2309))
console.error: (new TypeError("container.node.targetFront is null", "resource://devtools/client/inspector/markup/markup.js", 2309))
JavaScript error: , line 0: NetworkError: FetchEvent.respondWith() Promise rejected
console.error: "stylesheets: fetch failed for https://web.whatsapp.com/bootstrap_qr-097975c55a8af519e700.css, using system principal instead."
JavaScript error: , line 0: NetworkError: FetchEvent.respondWith() Promise rejected
console.error: "stylesheets: fetch failed for https://web.whatsapp.com/bootstrap_qr-097975c55a8af519e700.css, using system principal instead."
console.error: "Error while calling actor 'pagestyle's method 'getApplied'" "Failed to fetch https://web.whatsapp.com/bootstrap_qr-097975c55a8af519e700.css. Code 2152398878."
console.error: (new Error("Failed to fetch https://web.whatsapp.com/bootstrap_qr-097975c55a8af519e700.css. Code 2152398878.", "resource://devtools/shared/DevToolsUtils.js", 556))
console.error: (new Error("Protocol error (Error): Failed to fetch https://web.whatsapp.com/bootstrap_qr-097975c55a8af519e700.css. Code 2152398878. from: server0.conn0.child4/pagestyle24 (resource://devtools/shared/DevToolsUtils.js:556:16)", "resource://devtools/shared/protocol/Front.js", 365))
console.error: (new Error("Protocol error (Error): Failed to fetch https://web.whatsapp.com/bootstrap_qr-097975c55a8af519e700.css. Code 2152398878. from: server0.conn0.child4/pagestyle24 (resource://devtools/shared/DevToolsUtils.js:556:16)", "resource://devtools/shared/protocol/Front.js", 365))
console.error: (new Error("Protocol error (Error): Failed to fetch https://web.whatsapp.com/bootstrap_qr-097975c55a8af519e700.css. Code 2152398878. from: server0.conn0.child4/pagestyle24 (resource://devtools/shared/DevToolsUtils.js:556:16)", "resource://devtools/shared/protocol/Front.js", 365))
console.error: "Error while calling actor 'pagestyle's method 'getApplied'" "Failed to fetch https://web.whatsapp.com/bootstrap_qr-097975c55a8af519e700.css. Code 2152398878."
console.error: (new Error("Failed to fetch https://web.whatsapp.com/bootstrap_qr-097975c55a8af519e700.css. Code 2152398878.", "resource://devtools/shared/DevToolsUtils.js", 556))
console.error: (new Error("Protocol error (Error): Failed to fetch https://web.whatsapp.com/bootstrap_qr-097975c55a8af519e700.css. Code 2152398878. from: server0.conn0.child4/pagestyle24 (resource://devtools/shared/DevToolsUtils.js:556:16)", "resource://devtools/shared/protocol/Front.js", 365))
JavaScript error: , line 0: NetworkError: FetchEvent.respondWith() Promise rejected
console.error: "stylesheets: fetch failed for https://web.whatsapp.com/bootstrap_qr-097975c55a8af519e700.css, using system principal instead."
console.error: "Error while calling actor 'pagestyle's method 'getApplied'" "Failed to fetch https://web.whatsapp.com/bootstrap_qr-097975c55a8af519e700.css. Code 2152398878."
console.error: (new Error("Failed to fetch https://web.whatsapp.com/bootstrap_qr-097975c55a8af519e700.css. Code 2152398878.", "resource://devtools/shared/DevToolsUtils.js", 556))
console.error: (new Error("Protocol error (Error): Failed to fetch https://web.whatsapp.com/bootstrap_qr-097975c55a8af519e700.css. Code 2152398878. from: server0.conn0.child4/pagestyle24 (resource://devtools/shared/DevToolsUtils.js:556:16)", "resource://devtools/shared/protocol/Front.js", 365))
JavaScript error: , line 0: NetworkError: FetchEvent.respondWith() Promise rejected
console.error: "stylesheets: fetch failed for https://web.whatsapp.com/bootstrap_qr-097975c55a8af519e700.css, using system principal instead."
console.error: "Error while calling actor 'pagestyle's method 'getApplied'" "Failed to fetch https://web.whatsapp.com/bootstrap_qr-097975c55a8af519e700.css. Code 2152398878."
console.error: (new Error("Failed to fetch https://web.whatsapp.com/bootstrap_qr-097975c55a8af519e700.css. Code 2152398878.", "resource://devtools/shared/DevToolsUtils.js", 556))
console.error: (new Error("Protocol error (Error): Failed to fetch https://web.whatsapp.com/bootstrap_qr-097975c55a8af519e700.css. Code 2152398878. from: server0.conn0.child4/pagestyle24 (resource://devtools/shared/DevToolsUtils.js:556:16)", "resource://devtools/shared/protocol/Front.js", 365))
JavaScript error: , line 0: NetworkError: FetchEvent.respondWith() Promise rejected
console.error: "stylesheets: fetch failed for https://web.whatsapp.com/bootstrap_qr-097975c55a8af519e700.css, using system principal instead."
console.error: "Error while calling actor 'pagestyle's method 'getApplied'" "Failed to fetch https://web.whatsapp.com/bootstrap_qr-097975c55a8af519e700.css. Code 2152398878."
console.error: (new Error("Failed to fetch https://web.whatsapp.com/bootstrap_qr-097975c55a8af519e700.css. Code 2152398878.", "resource://devtools/shared/DevToolsUtils.js", 556))
console.error: (new Error("Protocol error (Error): Failed to fetch https://web.whatsapp.com/bootstrap_qr-097975c55a8af519e700.css. Code 2152398878. from: server0.conn0.child4/pagestyle24 (resource://devtools/shared/DevToolsUtils.js:556:16)", "resource://devtools/shared/protocol/Front.js", 365))
JavaScript error: , line 0: NetworkError: FetchEvent.respondWith() Promise rejected
console.error: "stylesheets: fetch failed for https://web.whatsapp.com/bootstrap_qr-097975c55a8af519e700.css, using system principal instead."
console.error: "Error while calling actor 'pagestyle's method 'getApplied'" "Failed to fetch https://web.whatsapp.com/bootstrap_qr-097975c55a8af519e700.css. Code 2152398878."
console.error: (new Error("Failed to fetch https://web.whatsapp.com/bootstrap_qr-097975c55a8af519e700.css. Code 2152398878.", "resource://devtools/shared/DevToolsUtils.js", 556))
console.error: (new Error("Protocol error (Error): Failed to fetch https://web.whatsapp.com/bootstrap_qr-097975c55a8af519e700.css. Code 2152398878. from: server0.conn0.child4/pagestyle24 (resource://devtools/shared/DevToolsUtils.js:556:16)", "resource://devtools/shared/protocol/Front.js", 365))
JavaScript error: , line 0: NetworkError: FetchEvent.respondWith() Promise rejected
console.error: "stylesheets: fetch failed for https://web.whatsapp.com/bootstrap_qr-097975c55a8af519e700.css, using system principal instead."
console.error: "Error while calling actor 'pagestyle's method 'getApplied'" "Failed to fetch https://web.whatsapp.com/bootstrap_qr-097975c55a8af519e700.css. Code 2152398878."
console.error: (new Error("Failed to fetch https://web.whatsapp.com/bootstrap_qr-097975c55a8af519e700.css. Code 2152398878.", "resource://devtools/shared/DevToolsUtils.js", 556))
console.error: (new Error("Protocol error (Error): Failed to fetch https://web.whatsapp.com/bootstrap_qr-097975c55a8af519e700.css. Code 2152398878. from: server0.conn0.child4/pagestyle24 (resource://devtools/shared/DevToolsUtils.js:556:16)", "resource://devtools/shared/protocol/Front.js", 365))
JavaScript error: , line 0: NetworkError: FetchEvent.respondWith() Promise rejected
console.error: "stylesheets: fetch failed for https://web.whatsapp.com/bootstrap_qr-097975c55a8af519e700.css, using system principal instead."
console.error: "Error while calling actor 'pagestyle's method 'getApplied'" "Failed to fetch https://web.whatsapp.com/bootstrap_qr-097975c55a8af519e700.css. Code 2152398878."
console.error: (new Error("Failed to fetch https://web.whatsapp.com/bootstrap_qr-097975c55a8af519e700.css. Code 2152398878.", "resource://devtools/shared/DevToolsUtils.js", 556))
console.error: (new Error("Protocol error (Error): Failed to fetch https://web.whatsapp.com/bootstrap_qr-097975c55a8af519e700.css. Code 2152398878. from: server0.conn0.child4/pagestyle24 (resource://devtools/shared/DevToolsUtils.js:556:16)", "resource://devtools/shared/protocol/Front.js", 365))
JavaScript error: , line 0: NetworkError: FetchEvent.respondWith() Promise rejected
console.error: "stylesheets: fetch failed for https://web.whatsapp.com/bootstrap_qr-097975c55a8af519e700.css, using system principal instead."
console.error: "Error while calling actor 'pagestyle's method 'getApplied'" "Failed to fetch https://web.whatsapp.com/bootstrap_qr-097975c55a8af519e700.css. Code 2152398878."
console.error: (new Error("Failed to fetch https://web.whatsapp.com/bootstrap_qr-097975c55a8af519e700.css. Code 2152398878.", "resource://devtools/shared/DevToolsUtils.js", 556))
console.error: (new Error("Protocol error (Error): Failed to fetch https://web.whatsapp.com/bootstrap_qr-097975c55a8af519e700.css. Code 2152398878. from: server0.conn0.child4/pagestyle24 (resource://devtools/shared/DevToolsUtils.js:556:16)", "resource://devtools/shared/protocol/Front.js", 365))
JavaScript error: , line 0: NetworkError: FetchEvent.respondWith() Promise rejected
console.error: "stylesheets: fetch failed for https://web.whatsapp.com/bootstrap_qr-097975c55a8af519e700.css, using system principal instead."
console.error: "Error while calling actor 'pagestyle's method 'getApplied'" "Failed to fetch https://web.whatsapp.com/bootstrap_qr-097975c55a8af519e700.css. Code 2152398878."
console.error: (new Error("Failed to fetch https://web.whatsapp.com/bootstrap_qr-097975c55a8af519e700.css. Code 2152398878.", "resource://devtools/shared/DevToolsUtils.js", 556))
console.error: (new Error("Protocol error (Error): Failed to fetch https://web.whatsapp.com/bootstrap_qr-097975c55a8af519e700.css. Code 2152398878. from: server0.conn0.child4/pagestyle24 (resource://devtools/shared/DevToolsUtils.js:556:16)", "resource://devtools/shared/protocol/Front.js", 365))
JavaScript error: , line 0: NetworkError: FetchEvent.respondWith() Promise rejected
console.error: "stylesheets: fetch failed for https://web.whatsapp.com/bootstrap_qr-097975c55a8af519e700.css, using system principal instead."
console.error: "Error while calling actor 'pagestyle's method 'getApplied'" "Failed to fetch https://web.whatsapp.com/bootstrap_qr-097975c55a8af519e700.css. Code 2152398878."
console.error: (new Error("Failed to fetch https://web.whatsapp.com/bootstrap_qr-097975c55a8af519e700.css. Code 2152398878.", "resource://devtools/shared/DevToolsUtils.js", 556))
console.error: (new Error("Protocol error (Error): Failed to fetch https://web.whatsapp.com/bootstrap_qr-097975c55a8af519e700.css. Code 2152398878. from: server0.conn0.child4/pagestyle24 (resource://devtools/shared/DevToolsUtils.js:556:16)", "resource://devtools/shared/protocol/Front.js", 365))
JavaScript error: , line 0: NetworkError: FetchEvent.respondWith() Promise rejected
console.error: "stylesheets: fetch failed for https://web.whatsapp.com/bootstrap_qr-097975c55a8af519e700.css, using system principal instead."
console.error: "Error while calling actor 'pagestyle's method 'getApplied'" "Failed to fetch https://web.whatsapp.com/bootstrap_qr-097975c55a8af519e700.css. Code 2152398878."
console.error: (new Error("Failed to fetch https://web.whatsapp.com/bootstrap_qr-097975c55a8af519e700.css. Code 2152398878.", "resource://devtools/shared/DevToolsUtils.js", 556))
console.error: (new Error("Protocol error (Error): Failed to fetch https://web.whatsapp.com/bootstrap_qr-097975c55a8af519e700.css. Code 2152398878. from: server0.conn0.child4/pagestyle24 (resource://devtools/shared/DevToolsUtils.js:556:16)", "resource://devtools/shared/protocol/Front.js", 365))
JavaScript error: , line 0: NetworkError: FetchEvent.respondWith() Promise rejected
console.error: "stylesheets: fetch failed for https://web.whatsapp.com/bootstrap_qr-097975c55a8af519e700.css, using system principal instead."
console.error: "Error while calling actor 'pagestyle's method 'getApplied'" "Failed to fetch https://web.whatsapp.com/bootstrap_qr-097975c55a8af519e700.css. Code 2152398878."
console.error: (new Error("Failed to fetch https://web.whatsapp.com/bootstrap_qr-097975c55a8af519e700.css. Code 2152398878.", "resource://devtools/shared/DevToolsUtils.js", 556))
console.error: (new Error("Protocol error (Error): Failed to fetch https://web.whatsapp.com/bootstrap_qr-097975c55a8af519e700.css. Code 2152398878. from: server0.conn0.child4/pagestyle24 (resource://devtools/shared/DevToolsUtils.js:556:16)", "resource://devtools/shared/protocol/Front.js", 365))
JavaScript error: , line 0: NetworkError: FetchEvent.respondWith() Promise rejected
console.error: "stylesheets: fetch failed for https://web.whatsapp.com/bootstrap_qr-097975c55a8af519e700.css, using system principal instead."
console.error: "Error while calling actor 'pagestyle's method 'getApplied'" "Failed to fetch https://web.whatsapp.com/bootstrap_qr-097975c55a8af519e700.css. Code 2152398878."
console.error: (new Error("Failed to fetch https://web.whatsapp.com/bootstrap_qr-097975c55a8af519e700.css. Code 2152398878.", "resource://devtools/shared/DevToolsUtils.js", 556))
console.error: (new Error("Protocol error (Error): Failed to fetch https://web.whatsapp.com/bootstrap_qr-097975c55a8af519e700.css. Code 2152398878. from: server0.conn0.child4/pagestyle24 (resource://devtools/shared/DevToolsUtils.js:556:16)", "resource://devtools/shared/protocol/Front.js", 365))
JavaScript error: , line 0: NetworkError: FetchEvent.respondWith() Promise rejected
console.error: "stylesheets: fetch failed for https://web.whatsapp.com/bootstrap_qr-097975c55a8af519e700.css, using system principal instead."
console.error: "Error while calling actor 'pagestyle's method 'getApplied'" "Failed to fetch https://web.whatsapp.com/bootstrap_qr-097975c55a8af519e700.css. Code 2152398878."
console.error: (new Error("Failed to fetch https://web.whatsapp.com/bootstrap_qr-097975c55a8af519e700.css. Code 2152398878.", "resource://devtools/shared/DevToolsUtils.js", 556))
console.error: (new Error("Protocol error (Error): Failed to fetch https://web.whatsapp.com/bootstrap_qr-097975c55a8af519e700.css. Code 2152398878. from: server0.conn0.child4/pagestyle24 (resource://devtools/shared/DevToolsUtils.js:556:16)", "resource://devtools/shared/protocol/Front.js", 365))
JavaScript error: , line 0: NetworkError: FetchEvent.respondWith() Promise rejected
console.error: "stylesheets: fetch failed for https://web.whatsapp.com/bootstrap_qr-097975c55a8af519e700.css, using system principal instead."
console.error: "Error while calling actor 'pagestyle's method 'getApplied'" "Failed to fetch https://web.whatsapp.com/bootstrap_qr-097975c55a8af519e700.css. Code 2152398878."
console.error: (new Error("Failed to fetch https://web.whatsapp.com/bootstrap_qr-097975c55a8af519e700.css. Code 2152398878.", "resource://devtools/shared/DevToolsUtils.js", 556))
console.error: (new Error("Protocol error (Error): Failed to fetch https://web.whatsapp.com/bootstrap_qr-097975c55a8af519e700.css. Code 2152398878. from: server0.conn0.child4/pagestyle24 (resource://devtools/shared/DevToolsUtils.js:556:16)", "resource://devtools/shared/protocol/Front.js", 365))
JavaScript error: , line 0: NetworkError: FetchEvent.respondWith() Promise rejected
console.error: "stylesheets: fetch failed for https://web.whatsapp.com/bootstrap_qr-097975c55a8af519e700.css, using system principal instead."
console.error: "Error while calling actor 'pagestyle's method 'getApplied'" "Failed to fetch https://web.whatsapp.com/bootstrap_qr-097975c55a8af519e700.css. Code 2152398878."
console.error: (new Error("Failed to fetch https://web.whatsapp.com/bootstrap_qr-097975c55a8af519e700.css. Code 2152398878.", "resource://devtools/shared/DevToolsUtils.js", 556))
console.error: (new Error("Protocol error (Error): Failed to fetch https://web.whatsapp.com/bootstrap_qr-097975c55a8af519e700.css. Code 2152398878. from: server0.conn0.child4/pagestyle24 (resource://devtools/shared/DevToolsUtils.js:556:16)", "resource://devtools/shared/protocol/Front.js", 365))
Handler function threw an exception: [Exception... "Component returned failure code: 0x80040111 (NS_ERROR_NOT_AVAILABLE) [nsIHttpChannelInternal.remoteAddress]"  nsresult: "0x80040111 (NS_ERROR_NOT_AVAILABLE)"  location: "JS frame :: resource://devtools/server/actors/network-monitor/network-observer.js :: _onResponseHeader :: line 1043"  data: no]
Stack: _onResponseHeader@resource://devtools/server/actors/network-monitor/network-observer.js:1043:5
_dispatchActivity@resource://devtools/server/actors/network-monitor/network-observer.js:620:14
NetworkObserver.prototype.observeActivity<@resource://devtools/server/actors/network-monitor/network-observer.js:729:12
exports.makeInfallible/<@resource://devtools/shared/ThreadSafeDevToolsUtils.js:103:22
Line: 1043, column: 0
console.error: ({})
Handler function threw an exception: TypeError: undefined has no properties
Stack: _getWaitTiming@resource://devtools/server/actors/network-monitor/network-observer.js:1142:1
_setupHarTimings@resource://devtools/server/actors/network-monitor/network-observer.js:1367:28
_onTransactionClose@resource://devtools/server/actors/network-monitor/network-observer.js:1090:27
_dispatchActivity@resource://devtools/server/actors/network-monitor/network-observer.js:623:14
NetworkObserver.prototype.observeActivity<@resource://devtools/server/actors/network-monitor/network-observer.js:729:12
exports.makeInfallible/<@resource://devtools/shared/ThreadSafeDevToolsUtils.js:103:22
Line: 1142, column: 1
console.error: (new TypeError("undefined has no properties", "resource://devtools/server/actors/network-monitor/network-observer.js", 1142))
JavaScript error: resource://gre/actors/AutoCompleteChild.jsm, line 125: Error: Invalid autocomplete selectedIndex

###!!! [Child][MessageChannel] Error: (msgtype=0x23002E,name=PBrowser::Msg___delete__) Channel closing: too late to send/recv, messages will be lost


###!!! [Parent][MessageChannel] Error: (msgtype=0x390079,name=PContent::Msg_DestroyBrowsingContextGroup) Closed channel: cannot send/recv

JavaScript error: resource://gre/modules/Sqlite.jsm, line 1030: Error: Sqlite.jsm has been shutdown. Cannot open connection to: C:\Users\Lautaro\AppData\Local\Temp\rust_mozprofileXntVt9\protections.sqlite
1628286744801	Marionette	INFO	Stopped listening on port 59446

###!!! [Child][RunMessage] Error: Channel closing: too late to send/recv, messages will be lost

